<component name="ProjectRunConfigurationManager">
  <configuration default="false" name="JUnit testen" type="JUnit" factoryName="JUnit">
    <module name="breedsoft" />
    <extension name="coverage">
      <pattern>
        <option name="PATTERN" value="nl.novi.breedsoft.*" />
        <option name="ENABLED" value="true" />
      </pattern>
    </extension>
    <option name="PACKAGE_NAME" value="nl.novi.breedsoft" />
    <option name="MAIN_CLASS_NAME" value="" />
    <option name="METHOD_NAME" value="" />
    <option name="TEST_OBJECT" value="package" />
    <method v="2">
      <option name="Make" enabled="true" />
    </method>
  </configuration>
</component>